2025-07-01 18:01:27,492 - CRITICAL - CRITICAL ALERT: Flare height exceeded threshold!
Current height: 11.90 meters
Threshold: 10.00 meters
Time: 2025-07-01 18:01:27

2025-07-01 18:01:32,846 - INFO - Email alert sent successfully
2025-07-01 18:02:05,351 - INFO - Alarm reset
2025-07-01 18:06:04,976 - CRITICAL - CRITICAL ALERT: Flare height exceeded threshold!
Current height: 24.40 meters
Threshold: 10.00 meters
Time: 2025-07-01 18:06:04

2025-07-01 18:06:10,098 - INFO - Email alert sent successfully
2025-07-01 18:06:13,988 - INFO - Report generated: flare_report.html
2025-07-01 18:06:42,605 - INFO - Alarm reset
2025-07-01 18:13:19,596 - CRITICAL - CRITICAL ALERT: Flare height exceeded threshold!
Current height: 24.40 meters
Threshold: 10.00 meters
Time: 2025-07-01 18:13:19

2025-07-01 18:13:24,104 - INFO - Email alert sent successfully
2025-07-01 18:13:27,850 - INFO - Report generated: flare_report.html
2025-07-01 18:13:56,609 - INFO - Alarm reset
2025-07-01 18:15:39,822 - INFO - Starting live flare monitoring...
2025-07-01 18:15:39,824 - ERROR - Failed to capture frame
2025-07-01 18:17:16,444 - INFO - Starting live flare monitoring...
2025-07-01 18:17:16,444 - ERROR - Failed to capture frame
2025-07-01 18:18:10,993 - INFO - Starting live flare monitoring...
2025-07-01 18:20:23,620 - CRITICAL - CRITICAL ALERT: Flare height exceeded threshold!
Current height: 48.00 meters
Threshold: 10.00 meters
Time: 2025-07-01 18:20:23

2025-07-01 18:20:28,228 - INFO - Email alert sent successfully
2025-07-01 18:21:00,733 - INFO - Alarm reset
2025-07-01 18:21:01,040 - CRITICAL - CRITICAL ALERT: Flare height exceeded threshold!
Current height: 48.00 meters
Threshold: 10.00 meters
Time: 2025-07-01 18:21:01

2025-07-01 18:21:05,337 - INFO - Email alert sent successfully
2025-07-01 18:21:37,842 - INFO - Alarm reset
2025-07-01 18:27:28,794 - INFO - Starting live flare monitoring...
2025-07-01 18:27:28,795 - ERROR - Failed to capture frame
2025-07-01 18:29:30,416 - INFO - Starting live flare monitoring...
2025-07-01 18:29:30,417 - ERROR - Failed to capture frame
2025-07-01 18:30:08,474 - INFO - Starting live flare monitoring...
2025-07-01 18:32:31,208 - INFO - Starting live flare monitoring...
2025-07-01 18:38:10,469 - INFO - Starting live flare monitoring...
2025-07-01 18:38:10,470 - ERROR - Failed to capture frame
2025-07-01 18:49:38,850 - INFO - Starting live flare monitoring with camera: http://192.0.0.4:8080/video
2025-07-01 18:49:38,918 - CRITICAL - CRITICAL ALERT: Flare height exceeded threshold!
Current height: 62.40 meters
Threshold: 10.00 meters
Time: 2025-07-01 18:49:38

2025-07-01 18:49:44,059 - INFO - Email alert sent successfully
2025-07-01 18:50:16,567 - INFO - Alarm reset
2025-07-01 18:50:17,083 - CRITICAL - CRITICAL ALERT: Flare height exceeded threshold!
Current height: 62.40 meters
Threshold: 10.00 meters
Time: 2025-07-01 18:50:17

2025-07-01 18:50:21,589 - INFO - Email alert sent successfully
2025-07-01 18:50:54,095 - INFO - Alarm reset
